{"/home/fabio/Documentos/Programação/driven/exercícios/eles-estao-entre-nos/src/database.ts": {"path":"/home/fabio/Documentos/Programação/driven/exercícios/eles-estao-entre-nos/src/database.ts","statementMap":{"0":{"start":{"line":3,"column":25},"end":{"line":3,"column":28}},"1":{"start":{"line":4,"column":22},"end":{"line":4,"column":40}}},"fnMap":{},"branchMap":{},"s":{"0":1,"1":1},"f":{},"b":{}}
,"/home/fabio/Documentos/Programação/driven/exercícios/eles-estao-entre-nos/src/_secret_/secretService.ts": {"path":"/home/fabio/Documentos/Programação/driven/exercícios/eles-estao-entre-nos/src/_secret_/secretService.ts","statementMap":{"0":{"start":{"line":2,"column":2},"end":{"line":2,"column":50}},"1":{"start":{"line":3,"column":2},"end":{"line":3,"column":29}},"2":{"start":{"line":6,"column":29},"end":{"line":6,"column":38}}},"fnMap":{"0":{"name":"isOdd","decl":{"start":{"line":1,"column":9},"end":{"line":1,"column":14}},"loc":{"start":{"line":1,"column":29},"end":{"line":4,"column":1}}}},"branchMap":{},"s":{"0":0,"1":0,"2":1},"f":{"0":0},"b":{}}
,"/home/fabio/Documentos/Programação/driven/exercícios/eles-estao-entre-nos/src/_secret_/sendSignal.ts": {"path":"/home/fabio/Documentos/Programação/driven/exercícios/eles-estao-entre-nos/src/_secret_/sendSignal.ts","statementMap":{"0":{"start":{"line":4,"column":2},"end":{"line":4,"column":32}}},"fnMap":{"0":{"name":"(anonymous_0)","decl":{"start":{"line":3,"column":14},"end":{"line":3,"column":25}},"loc":{"start":{"line":3,"column":38},"end":{"line":5,"column":1}}}},"branchMap":{},"s":{"0":1},"f":{"0":1},"b":{}}
,"/home/fabio/Documentos/Programação/driven/exercícios/eles-estao-entre-nos/src/repositories/areaFiftyOneRepository.ts": {"path":"/home/fabio/Documentos/Programação/driven/exercícios/eles-estao-entre-nos/src/repositories/areaFiftyOneRepository.ts","statementMap":{"0":{"start":{"line":4,"column":17},"end":{"line":4,"column":45}},"1":{"start":{"line":5,"column":2},"end":{"line":5,"column":16}},"2":{"start":{"line":8,"column":38},"end":{"line":10,"column":2}}},"fnMap":{"0":{"name":"listOVNIS","decl":{"start":{"line":3,"column":15},"end":{"line":3,"column":24}},"loc":{"start":{"line":3,"column":24},"end":{"line":6,"column":null}}}},"branchMap":{},"s":{"0":0,"1":0,"2":1},"f":{"0":0},"b":{}}
,"/home/fabio/Documentos/Programação/driven/exercícios/eles-estao-entre-nos/src/services/oddService.ts": {"path":"/home/fabio/Documentos/Programação/driven/exercícios/eles-estao-entre-nos/src/services/oddService.ts","statementMap":{"0":{"start":{"line":6,"column":2},"end":{"line":8,"column":null}},"1":{"start":{"line":7,"column":4},"end":{"line":7,"column":35}},"2":{"start":{"line":10,"column":2},"end":{"line":10,"column":26}},"3":{"start":{"line":14,"column":17},"end":{"line":14,"column":57}},"4":{"start":{"line":16,"column":2},"end":{"line":16,"column":21}},"5":{"start":{"line":17,"column":2},"end":{"line":17,"column":16}},"6":{"start":{"line":20,"column":26},"end":{"line":20,"column":52}}},"fnMap":{"0":{"name":"isReallyOdd","decl":{"start":{"line":5,"column":9},"end":{"line":5,"column":20}},"loc":{"start":{"line":5,"column":35},"end":{"line":11,"column":1}}},"1":{"name":"listOVNIS","decl":{"start":{"line":13,"column":15},"end":{"line":13,"column":24}},"loc":{"start":{"line":13,"column":24},"end":{"line":18,"column":null}}}},"branchMap":{"0":{"loc":{"start":{"line":6,"column":2},"end":{"line":8,"column":null}},"type":"if","locations":[{"start":{"line":6,"column":2},"end":{"line":8,"column":null}}]}},"s":{"0":2,"1":1,"2":1,"3":1,"4":1,"5":1,"6":1},"f":{"0":2,"1":1},"b":{"0":[1]}}
}
