TN:
SF:src/database.ts
FNF:0
FNH:0
DA:3,1
DA:4,1
LF:2
LH:2
BRF:0
BRH:0
end_of_record
TN:
SF:src/_secret_/secretService.ts
FN:1,isOdd
FNF:1
FNH:0
FNDA:0,isOdd
DA:2,0
DA:3,0
DA:6,1
LF:3
LH:1
BRF:0
BRH:0
end_of_record
TN:
SF:src/_secret_/sendSignal.ts
FN:3,(anonymous_0)
FNF:1
FNH:1
FNDA:1,(anonymous_0)
DA:4,1
LF:1
LH:1
BRF:0
BRH:0
end_of_record
TN:
SF:src/repositories/areaFiftyOneRepository.ts
FN:3,listOVNIS
FNF:1
FNH:0
FNDA:0,listOVNIS
DA:4,0
DA:5,0
DA:8,1
LF:3
LH:1
BRF:0
BRH:0
end_of_record
TN:
SF:src/services/oddService.ts
FN:5,isReallyOdd
FN:13,listOVNIS
FNF:2
FNH:2
FNDA:2,isReallyOdd
FNDA:1,listOVNIS
DA:6,2
DA:7,1
DA:10,1
DA:14,1
DA:16,1
DA:17,1
DA:20,1
LF:7
LH:7
BRDA:6,0,0,1
BRF:1
BRH:1
end_of_record
